<?xml version="1.0" encoding="UTF-8"?>
<!-- Generated by org.testng.reporters.JUnitReportReporter -->
<testsuite skipped="0" hostname="DESKTOP-L2HDGSV" name="com.nopcommerces.user.User_01_Register_Login" tests="1" failures="0" timestamp="13 May 2021 18:42:32 GMT" time="0.012" errors="0">
  <testcase name="TC_01_Register_Empty_Data" time="0.012" classname="com.nopcommerces.user.User_01_Register_Login"/>
</testsuite> <!-- com.nopcommerces.user.User_01_Register_Login -->
