<?xml version="1.0" encoding="UTF-8"?>
<!-- Generated by org.testng.reporters.JUnitReportReporter -->
<testsuite hostname="DESKTOP-F14RTS8" failures="0" tests="6" name="com.nopcommerces.user.User_01_Register_Login" time="8.081" errors="0" timestamp="03 Aug 2022 14:42:05 GMT" skipped="0">
  <testcase classname="com.nopcommerces.user.User_01_Register_Login" name="TC_01_Register_Empty_Data" time="1.696"/>
  <testcase classname="com.nopcommerces.user.User_01_Register_Login" name="TC_02_Invalid_Email" time="1.658"/>
  <testcase classname="com.nopcommerces.user.User_01_Register_Login" name="TC_05_Register_Email_Existed" time="1.190"/>
  <testcase classname="com.nopcommerces.user.User_01_Register_Login" name="TC_06_Register_Completed" time="1.537"/>
  <testcase classname="com.nopcommerces.user.User_01_Register_Login" name="TC_04_Register_Pass_And_ConfirmPass_Do_Not_Match" time="0.990"/>
  <testcase classname="com.nopcommerces.user.User_01_Register_Login" name="TC_03_Register_Pass_at_least_6_characters" time="1.010"/>
</testsuite> <!-- com.nopcommerces.user.User_01_Register_Login -->
