<?xml version="1.0" encoding="UTF-8"?>
<!-- Generated by org.testng.reporters.JUnitReportReporter -->
<testsuite skipped="0" hostname="DESKTOP-L2HDGSV" name="com.nopcomerces.user.User_01_Register_Login" tests="3" failures="0" timestamp="13 May 2021 17:55:03 GMT" time="0.019" errors="0">
  <testcase name="TC_03_Register_" time="0.002" classname="com.nopcomerces.user.User_01_Register_Login"/>
  <testcase name="TC_02_Invalid_Email" time="0.006" classname="com.nopcomerces.user.User_01_Register_Login"/>
  <testcase name="TC_01_Register_Empty_Data" time="0.011" classname="com.nopcomerces.user.User_01_Register_Login"/>
</testsuite> <!-- com.nopcomerces.user.User_01_Register_Login -->
